"2022-11-14 08:58:46 [main] %PARSER_ERROR[leveln]com.infy.tesla.TeslaApplication - Starting TeslaApplication using Java 17.0.4.1 on dinesh with PID 4552 (C:\Users\dinesh\Documents\workspace-spring-tool-suite-4-4.16.1.RELEASE\tesla\target\classes started by dinesh in C:\Users\dinesh\Documents\workspace-spring-tool-suite-4-4.16.1.RELEASE\tesla)
" "2022-11-14 08:58:46 [main] %PARSER_ERROR[leveln]com.infy.tesla.TeslaApplication - No active profile set, falling back to 1 default profile: "default"
" "2022-11-14 08:58:47 [main] %PARSER_ERROR[leveln]o.s.d.r.c.RepositoryConfigurationDelegate - Bootstrapping Spring Data JPA repositories in DEFAULT mode.
" "2022-11-14 08:58:47 [main] %PARSER_ERROR[leveln]o.s.d.r.c.RepositoryConfigurationDelegate - Finished Spring Data repository scanning in 47 ms. Found 3 JPA repository interfaces.
" "2022-11-14 08:58:48 [main] %PARSER_ERROR[leveln]o.s.b.w.e.tomcat.TomcatWebServer - Tomcat initialized with port(s): 8080 (http)
" "2022-11-14 08:58:48 [main] %PARSER_ERROR[leveln]o.a.catalina.core.StandardService - Starting service [Tomcat]
" "2022-11-14 08:58:48 [main] %PARSER_ERROR[leveln]o.a.catalina.core.StandardEngine - Starting Servlet engine: [Apache Tomcat/9.0.68]
" "2022-11-14 08:58:48 [main] %PARSER_ERROR[leveln]o.a.c.c.C.[Tomcat].[localhost].[/] - Initializing Spring embedded WebApplicationContext
" "2022-11-14 08:58:48 [main] %PARSER_ERROR[leveln]o.s.b.w.s.c.ServletWebServerApplicationContext - Root WebApplicationContext: initialization completed in 1699 ms
" "2022-11-14 08:58:48 [main] %PARSER_ERROR[leveln]o.h.jpa.internal.util.LogHelper - HHH000204: Processing PersistenceUnitInfo [name: default]
" "2022-11-14 08:58:48 [main] %PARSER_ERROR[leveln]org.hibernate.Version - HHH000412: Hibernate ORM core version 5.6.12.Final
" "2022-11-14 08:58:49 [main] %PARSER_ERROR[leveln]o.h.annotations.common.Version - HCANN000001: Hibernate Commons Annotations {5.1.2.Final}
" "2022-11-14 08:58:49 [main] %PARSER_ERROR[leveln]com.zaxxer.hikari.HikariDataSource - HikariPool-1 - Starting...
" "2022-11-14 08:58:49 [main] %PARSER_ERROR[leveln]com.zaxxer.hikari.HikariDataSource - HikariPool-1 - Start completed.
" "2022-11-14 08:58:49 [main] %PARSER_ERROR[leveln]org.hibernate.dialect.Dialect - HHH000400: Using dialect: org.hibernate.dialect.MySQL8Dialect
" "2022-11-14 08:58:50 [main] %PARSER_ERROR[leveln]o.h.e.t.j.p.i.JtaPlatformInitiator - HHH000490: Using JtaPlatform implementation: [org.hibernate.engine.transaction.jta.platform.internal.NoJtaPlatform]
" "2022-11-14 08:58:50 [main] %PARSER_ERROR[leveln]o.s.o.j.LocalContainerEntityManagerFactoryBean - Initialized JPA EntityManagerFactory for persistence unit 'default'
" "2022-11-14 08:58:50 [main] %PARSER_ERROR[leveln]o.s.b.a.o.j.JpaBaseConfiguration$JpaWebConfiguration - spring.jpa.open-in-view is enabled by default. Therefore, database queries may be performed during view rendering. Explicitly configure spring.jpa.open-in-view to disable this warning
" "2022-11-14 08:58:51 [main] %PARSER_ERROR[leveln]o.s.s.web.DefaultSecurityFilterChain - Will secure any request with [org.springframework.security.web.session.DisableEncodeUrlFilter@2003edf, org.springframework.security.web.session.ForceEagerSessionCreationFilter@1735e1c4, org.springframework.security.web.session.ForceEagerSessionCreationFilter@1e041848, org.springframework.security.web.context.request.async.WebAsyncManagerIntegrationFilter@1ec09a68, org.springframework.security.web.context.SecurityContextPersistenceFilter@7097ead6, org.springframework.security.web.header.HeaderWriterFilter@2fbb098f, org.springframework.web.filter.CorsFilter@7da9b32c, org.springframework.security.web.authentication.logout.LogoutFilter@6f12b637, org.springframework.security.web.authentication.www.BasicAuthenticationFilter@53b9952f, org.springframework.security.web.savedrequest.RequestCacheAwareFilter@21dd91da, org.springframework.security.web.servletapi.SecurityContextHolderAwareRequestFilter@8a11a19, org.springframework.security.web.authentication.AnonymousAuthenticationFilter@7e5c8c80, org.springframework.security.web.session.SessionManagementFilter@2fa4888c, org.springframework.security.web.access.ExceptionTranslationFilter@11896af6, org.springframework.security.web.access.intercept.AuthorizationFilter@74267ece]
" "2022-11-14 08:58:51 [main] %PARSER_ERROR[leveln]o.s.b.w.e.tomcat.TomcatWebServer - Tomcat started on port(s): 8080 (http) with context path ''
" "2022-11-14 08:58:51 [main] %PARSER_ERROR[leveln]com.infy.tesla.TeslaApplication - Started TeslaApplication in 5.086 seconds (JVM running for 6.14)
" "2022-11-14 08:59:13 [http-nio-8080-exec-1] %PARSER_ERROR[leveln]o.a.c.c.C.[Tomcat].[localhost].[/] - Initializing Spring DispatcherServlet 'dispatcherServlet'
" "2022-11-14 08:59:14 [http-nio-8080-exec-2] %PARSER_ERROR[leveln]com.infy.tesla.aop.LoggingAspect - Entering the change role method of SERVICE layer
" "2022-11-14 08:59:14 [http-nio-8080-exec-2] %PARSER_ERROR[leveln]com.infy.tesla.aop.LoggingAspect - After executing the change role method of SERVICE layer
" "2022-11-14 08:59:27 [http-nio-8080-exec-3] %PARSER_ERROR[leveln]com.infy.tesla.aop.LoggingAspect - Entering the change role method of SERVICE layer
" "2022-11-14 08:59:27 [http-nio-8080-exec-3] %PARSER_ERROR[leveln]com.infy.tesla.aop.LoggingAspect - After executing the change role method of SERVICE layer
" "2022-11-14 08:59:49 [http-nio-8080-exec-5] %PARSER_ERROR[leveln]com.infy.tesla.aop.LoggingAspect - Entering the change role method of SERVICE layer
" "2022-11-14 08:59:49 [http-nio-8080-exec-5] %PARSER_ERROR[leveln]com.infy.tesla.aop.LoggingAspect - after throwing change role method of SERVICE layer
" "2022-11-14 08:59:49 [http-nio-8080-exec-5] %PARSER_ERROR[leveln]com.infy.tesla.aop.LoggingAspect - After executing the change role method of SERVICE layer
" "2022-11-14 08:59:53 [http-nio-8080-exec-4] %PARSER_ERROR[leveln]com.infy.tesla.aop.LoggingAspect - Entering the change role method of SERVICE layer
" "2022-11-14 08:59:53 [http-nio-8080-exec-4] %PARSER_ERROR[leveln]com.infy.tesla.aop.LoggingAspect - after throwing change role method of SERVICE layer
" "2022-11-14 08:59:53 [http-nio-8080-exec-4] %PARSER_ERROR[leveln]com.infy.tesla.aop.LoggingAspect - After executing the change role method of SERVICE layer
" "2022-11-14 09:00:59 [RMI TCP Connection(4)-127.0.0.1] %PARSER_ERROR[leveln]o.s.b.a.SpringApplicationAdminMXBeanRegistrar$SpringApplicationAdmin - Application shutdown requested.
" "2022-11-14 09:00:59 [RMI TCP Connection(4)-127.0.0.1] %PARSER_ERROR[leveln]o.a.catalina.core.StandardService - Stopping service [Tomcat]
" "2022-11-14 09:00:59 [RMI TCP Connection(4)-127.0.0.1] %PARSER_ERROR[leveln]o.a.c.c.C.[Tomcat].[localhost].[/] - Destroying Spring FrameworkServlet 'dispatcherServlet'
" "2022-11-14 09:00:59 [RMI TCP Connection(4)-127.0.0.1] %PARSER_ERROR[leveln]o.s.o.j.LocalContainerEntityManagerFactoryBean - Closing JPA EntityManagerFactory for persistence unit 'default'
" "2022-11-14 09:00:59 [RMI TCP Connection(4)-127.0.0.1] %PARSER_ERROR[leveln]com.zaxxer.hikari.HikariDataSource - HikariPool-1 - Shutdown initiated...
" "2022-11-14 09:00:59 [RMI TCP Connection(4)-127.0.0.1] %PARSER_ERROR[leveln]com.zaxxer.hikari.HikariDataSource - HikariPool-1 - Shutdown completed.
" "2022-11-14 09:01:04 [main] %PARSER_ERROR[leveln]com.infy.tesla.TeslaApplication - Starting TeslaApplication using Java 17.0.4.1 on dinesh with PID 14396 (C:\Users\dinesh\Documents\workspace-spring-tool-suite-4-4.16.1.RELEASE\tesla\target\classes started by dinesh in C:\Users\dinesh\Documents\workspace-spring-tool-suite-4-4.16.1.RELEASE\tesla)
" "2022-11-14 09:01:04 [main] %PARSER_ERROR[leveln]com.infy.tesla.TeslaApplication - No active profile set, falling back to 1 default profile: "default"
" "2022-11-14 09:01:05 [main] %PARSER_ERROR[leveln]o.s.d.r.c.RepositoryConfigurationDelegate - Bootstrapping Spring Data JPA repositories in DEFAULT mode.
" "2022-11-14 09:01:05 [main] %PARSER_ERROR[leveln]o.s.d.r.c.RepositoryConfigurationDelegate - Finished Spring Data repository scanning in 48 ms. Found 3 JPA repository interfaces.
" "2022-11-14 09:01:06 [main] %PARSER_ERROR[leveln]o.s.b.w.e.tomcat.TomcatWebServer - Tomcat initialized with port(s): 8080 (http)
" "2022-11-14 09:01:06 [main] %PARSER_ERROR[leveln]o.a.catalina.core.StandardService - Starting service [Tomcat]
" "2022-11-14 09:01:06 [main] %PARSER_ERROR[leveln]o.a.catalina.core.StandardEngine - Starting Servlet engine: [Apache Tomcat/9.0.68]
" "2022-11-14 09:01:06 [main] %PARSER_ERROR[leveln]o.a.c.c.C.[Tomcat].[localhost].[/] - Initializing Spring embedded WebApplicationContext
" "2022-11-14 09:01:06 [main] %PARSER_ERROR[leveln]o.s.b.w.s.c.ServletWebServerApplicationContext - Root WebApplicationContext: initialization completed in 1396 ms
" "2022-11-14 09:01:06 [main] %PARSER_ERROR[leveln]o.h.jpa.internal.util.LogHelper - HHH000204: Processing PersistenceUnitInfo [name: default]
" "2022-11-14 09:01:06 [main] %PARSER_ERROR[leveln]org.hibernate.Version - HHH000412: Hibernate ORM core version 5.6.12.Final
" "2022-11-14 09:01:06 [main] %PARSER_ERROR[leveln]o.h.annotations.common.Version - HCANN000001: Hibernate Commons Annotations {5.1.2.Final}
" "2022-11-14 09:01:06 [main] %PARSER_ERROR[leveln]com.zaxxer.hikari.HikariDataSource - HikariPool-1 - Starting...
" "2022-11-14 09:01:06 [main] %PARSER_ERROR[leveln]com.zaxxer.hikari.HikariDataSource - HikariPool-1 - Start completed.
" "2022-11-14 09:01:06 [main] %PARSER_ERROR[leveln]org.hibernate.dialect.Dialect - HHH000400: Using dialect: org.hibernate.dialect.MySQL8Dialect
" "2022-11-14 09:01:07 [main] %PARSER_ERROR[leveln]o.h.e.t.j.p.i.JtaPlatformInitiator - HHH000490: Using JtaPlatform implementation: [org.hibernate.engine.transaction.jta.platform.internal.NoJtaPlatform]
" "2022-11-14 09:01:07 [main] %PARSER_ERROR[leveln]o.s.o.j.LocalContainerEntityManagerFactoryBean - Initialized JPA EntityManagerFactory for persistence unit 'default'
" "2022-11-14 09:01:07 [main] %PARSER_ERROR[leveln]o.s.b.a.o.j.JpaBaseConfiguration$JpaWebConfiguration - spring.jpa.open-in-view is enabled by default. Therefore, database queries may be performed during view rendering. Explicitly configure spring.jpa.open-in-view to disable this warning
" "2022-11-14 09:01:08 [main] %PARSER_ERROR[leveln]o.s.s.web.DefaultSecurityFilterChain - Will secure any request with [org.springframework.security.web.session.DisableEncodeUrlFilter@6046fba0, org.springframework.security.web.session.ForceEagerSessionCreationFilter@248ba4fc, org.springframework.security.web.session.ForceEagerSessionCreationFilter@3ed87b6e, org.springframework.security.web.context.request.async.WebAsyncManagerIntegrationFilter@54cce500, org.springframework.security.web.context.SecurityContextPersistenceFilter@4244e477, org.springframework.security.web.header.HeaderWriterFilter@461b38ca, org.springframework.web.filter.CorsFilter@755033c5, org.springframework.security.web.authentication.logout.LogoutFilter@6e5fba90, org.springframework.security.web.authentication.www.BasicAuthenticationFilter@11fa11b2, org.springframework.security.web.savedrequest.RequestCacheAwareFilter@63614cdd, org.springframework.security.web.servletapi.SecurityContextHolderAwareRequestFilter@3123ba75, org.springframework.security.web.authentication.AnonymousAuthenticationFilter@229c4d34, org.springframework.security.web.session.SessionManagementFilter@5c945ee7, org.springframework.security.web.access.ExceptionTranslationFilter@54fffa5a, org.springframework.security.web.access.intercept.AuthorizationFilter@49482761]
" "2022-11-14 09:01:08 [main] %PARSER_ERROR[leveln]o.s.b.w.e.tomcat.TomcatWebServer - Tomcat started on port(s): 8080 (http) with context path ''
" "2022-11-14 09:01:08 [main] %PARSER_ERROR[leveln]com.infy.tesla.TeslaApplication - Started TeslaApplication in 4.304 seconds (JVM running for 5.318)
" "2022-11-14 09:01:08 [http-nio-8080-exec-1] %PARSER_ERROR[leveln]o.a.c.c.C.[Tomcat].[localhost].[/] - Initializing Spring DispatcherServlet 'dispatcherServlet'
" "2022-11-14 09:01:08 [http-nio-8080-exec-1] %PARSER_ERROR[leveln]com.infy.tesla.aop.LoggingAspect - Entering the change role method of SERVICE layer
" "2022-11-14 09:01:08 [http-nio-8080-exec-1] %PARSER_ERROR[leveln]com.infy.tesla.aop.LoggingAspect - After executing the change role method of SERVICE layer
" "2022-11-14 09:01:20 [http-nio-8080-exec-6] %PARSER_ERROR[leveln]com.infy.tesla.aop.LoggingAspect - Entering the change role method of SERVICE layer
" "2022-11-14 09:01:20 [http-nio-8080-exec-6] %PARSER_ERROR[leveln]com.infy.tesla.aop.LoggingAspect - After executing the change role method of SERVICE layer
" "2022-11-14 09:01:31 [http-nio-8080-exec-8] %PARSER_ERROR[leveln]com.infy.tesla.aop.LoggingAspect - Entering the change role method of SERVICE layer
" "2022-11-14 09:01:31 [http-nio-8080-exec-8] %PARSER_ERROR[leveln]com.infy.tesla.aop.LoggingAspect - After executing the change role method of SERVICE layer
" "2022-11-14 09:07:34 [RMI TCP Connection(9)-127.0.0.1] %PARSER_ERROR[leveln]o.s.b.a.SpringApplicationAdminMXBeanRegistrar$SpringApplicationAdmin - Application shutdown requested.
" "2022-11-14 09:07:34 [RMI TCP Connection(9)-127.0.0.1] %PARSER_ERROR[leveln]o.a.catalina.core.StandardService - Stopping service [Tomcat]
" "2022-11-14 09:07:34 [RMI TCP Connection(9)-127.0.0.1] %PARSER_ERROR[leveln]o.a.c.c.C.[Tomcat].[localhost].[/] - Destroying Spring FrameworkServlet 'dispatcherServlet'
" "2022-11-14 09:07:34 [RMI TCP Connection(9)-127.0.0.1] %PARSER_ERROR[leveln]o.s.o.j.LocalContainerEntityManagerFactoryBean - Closing JPA EntityManagerFactory for persistence unit 'default'
" "2022-11-14 09:07:34 [RMI TCP Connection(9)-127.0.0.1] %PARSER_ERROR[leveln]com.zaxxer.hikari.HikariDataSource - HikariPool-1 - Shutdown initiated...
" "2022-11-14 09:07:34 [RMI TCP Connection(9)-127.0.0.1] %PARSER_ERROR[leveln]com.zaxxer.hikari.HikariDataSource - HikariPool-1 - Shutdown completed.
" "2022-11-14 09:12:35 [main] %PARSER_ERROR[leveln]com.infy.tesla.TeslaApplicationTests - Starting TeslaApplicationTests using Java 17.0.4.1 on dinesh with PID 8784 (started by dinesh in C:\Users\dinesh\Documents\workspace-spring-tool-suite-4-4.16.1.RELEASE\tesla)
" "2022-11-14 09:12:35 [main] %PARSER_ERROR[leveln]com.infy.tesla.TeslaApplicationTests - No active profile set, falling back to 1 default profile: "default"
" "2022-11-14 09:12:36 [main] %PARSER_ERROR[leveln]o.s.d.r.c.RepositoryConfigurationDelegate - Bootstrapping Spring Data JPA repositories in DEFAULT mode.
" "2022-11-14 09:12:36 [main] %PARSER_ERROR[leveln]o.s.d.r.c.RepositoryConfigurationDelegate - Finished Spring Data repository scanning in 53 ms. Found 3 JPA repository interfaces.
" "2022-11-14 09:12:37 [main] %PARSER_ERROR[leveln]o.h.jpa.internal.util.LogHelper - HHH000204: Processing PersistenceUnitInfo [name: default]
" "2022-11-14 09:12:37 [main] %PARSER_ERROR[leveln]org.hibernate.Version - HHH000412: Hibernate ORM core version 5.6.12.Final
" "2022-11-14 09:12:37 [main] %PARSER_ERROR[leveln]o.h.annotations.common.Version - HCANN000001: Hibernate Commons Annotations {5.1.2.Final}
" "2022-11-14 09:12:38 [main] %PARSER_ERROR[leveln]com.zaxxer.hikari.HikariDataSource - HikariPool-1 - Starting...
" "2022-11-14 09:12:38 [main] %PARSER_ERROR[leveln]com.zaxxer.hikari.HikariDataSource - HikariPool-1 - Start completed.
" "2022-11-14 09:12:38 [main] %PARSER_ERROR[leveln]org.hibernate.dialect.Dialect - HHH000400: Using dialect: org.hibernate.dialect.MySQL8Dialect
" "2022-11-14 09:12:39 [main] %PARSER_ERROR[leveln]o.h.e.t.j.p.i.JtaPlatformInitiator - HHH000490: Using JtaPlatform implementation: [org.hibernate.engine.transaction.jta.platform.internal.NoJtaPlatform]
" "2022-11-14 09:12:39 [main] %PARSER_ERROR[leveln]o.s.o.j.LocalContainerEntityManagerFactoryBean - Initialized JPA EntityManagerFactory for persistence unit 'default'
" "2022-11-14 09:12:39 [main] %PARSER_ERROR[leveln]o.s.b.a.o.j.JpaBaseConfiguration$JpaWebConfiguration - spring.jpa.open-in-view is enabled by default. Therefore, database queries may be performed during view rendering. Explicitly configure spring.jpa.open-in-view to disable this warning
" "2022-11-14 09:12:40 [main] %PARSER_ERROR[leveln]o.s.s.web.DefaultSecurityFilterChain - Will secure any request with [org.springframework.security.web.session.DisableEncodeUrlFilter@15a591d9, org.springframework.security.web.session.ForceEagerSessionCreationFilter@5812935, org.springframework.security.web.session.ForceEagerSessionCreationFilter@496e0f9d, org.springframework.security.web.context.request.async.WebAsyncManagerIntegrationFilter@71e9640, org.springframework.security.web.context.SecurityContextPersistenceFilter@6b468710, org.springframework.security.web.header.HeaderWriterFilter@496c6d94, org.springframework.web.filter.CorsFilter@1ce45e18, org.springframework.security.web.authentication.logout.LogoutFilter@1d45c4b7, org.springframework.security.web.authentication.www.BasicAuthenticationFilter@235dacd7, org.springframework.security.web.savedrequest.RequestCacheAwareFilter@40ebb56, org.springframework.security.web.servletapi.SecurityContextHolderAwareRequestFilter@57fae911, org.springframework.security.web.authentication.AnonymousAuthenticationFilter@25762f04, org.springframework.security.web.session.SessionManagementFilter@6fd37997, org.springframework.security.web.access.ExceptionTranslationFilter@391b03b, org.springframework.security.web.access.intercept.AuthorizationFilter@eda7dd3]
" "2022-11-14 09:12:41 [main] %PARSER_ERROR[leveln]com.infy.tesla.TeslaApplicationTests - Started TeslaApplicationTests in 5.978 seconds (JVM running for 7.179)
" "2022-11-14 09:12:41 [SpringApplicationShutdownHook] %PARSER_ERROR[leveln]o.s.o.j.LocalContainerEntityManagerFactoryBean - Closing JPA EntityManagerFactory for persistence unit 'default'
" "2022-11-14 09:12:41 [SpringApplicationShutdownHook] %PARSER_ERROR[leveln]com.zaxxer.hikari.HikariDataSource - HikariPool-1 - Shutdown initiated...
" "2022-11-14 09:12:41 [SpringApplicationShutdownHook] %PARSER_ERROR[leveln]com.zaxxer.hikari.HikariDataSource - HikariPool-1 - Shutdown completed.
" "2022-11-14 09:14:01 [main] %PARSER_ERROR[leveln]com.infy.tesla.TeslaApplication - Starting TeslaApplication v0.0.1 using Java 19.0.1 on dinesh with PID 7724 (C:\Users\dinesh\Documents\workspace-spring-tool-suite-4-4.16.1.RELEASE\tesla\target\tesla-0.0.1.jar started by dinesh in C:\Users\dinesh\Documents\workspace-spring-tool-suite-4-4.16.1.RELEASE\tesla\target)
" "2022-11-14 09:14:01 [main] %PARSER_ERROR[leveln]com.infy.tesla.TeslaApplication - No active profile set, falling back to 1 default profile: "default"
" "2022-11-14 09:14:02 [main] %PARSER_ERROR[leveln]o.s.d.r.c.RepositoryConfigurationDelegate - Bootstrapping Spring Data JPA repositories in DEFAULT mode.
" "2022-11-14 09:14:02 [main] %PARSER_ERROR[leveln]o.s.d.r.c.RepositoryConfigurationDelegate - Finished Spring Data repository scanning in 60 ms. Found 3 JPA repository interfaces.
" "2022-11-14 09:14:04 [main] %PARSER_ERROR[leveln]o.s.b.w.e.tomcat.TomcatWebServer - Tomcat initialized with port(s): 8080 (http)
" "2022-11-14 09:14:04 [main] %PARSER_ERROR[leveln]o.a.catalina.core.StandardService - Starting service [Tomcat]
" "2022-11-14 09:14:04 [main] %PARSER_ERROR[leveln]o.a.catalina.core.StandardEngine - Starting Servlet engine: [Apache Tomcat/9.0.68]
" "2022-11-14 09:14:04 [main] %PARSER_ERROR[leveln]o.a.c.c.C.[Tomcat].[localhost].[/] - Initializing Spring embedded WebApplicationContext
" "2022-11-14 09:14:04 [main] %PARSER_ERROR[leveln]o.s.b.w.s.c.ServletWebServerApplicationContext - Root WebApplicationContext: initialization completed in 2792 ms
" "2022-11-14 09:14:05 [main] %PARSER_ERROR[leveln]o.h.jpa.internal.util.LogHelper - HHH000204: Processing PersistenceUnitInfo [name: default]
" "2022-11-14 09:14:05 [main] %PARSER_ERROR[leveln]org.hibernate.Version - HHH000412: Hibernate ORM core version 5.6.12.Final
" "2022-11-14 09:14:05 [main] %PARSER_ERROR[leveln]o.h.annotations.common.Version - HCANN000001: Hibernate Commons Annotations {5.1.2.Final}
" "2022-11-14 09:14:06 [main] %PARSER_ERROR[leveln]com.zaxxer.hikari.HikariDataSource - HikariPool-1 - Starting...
" "2022-11-14 09:14:07 [main] %PARSER_ERROR[leveln]com.zaxxer.hikari.HikariDataSource - HikariPool-1 - Start completed.
" "2022-11-14 09:14:07 [main] %PARSER_ERROR[leveln]org.hibernate.dialect.Dialect - HHH000400: Using dialect: org.hibernate.dialect.MySQL8Dialect
" "2022-11-14 09:14:08 [main] %PARSER_ERROR[leveln]o.h.e.t.j.p.i.JtaPlatformInitiator - HHH000490: Using JtaPlatform implementation: [org.hibernate.engine.transaction.jta.platform.internal.NoJtaPlatform]
" "2022-11-14 09:14:08 [main] %PARSER_ERROR[leveln]o.s.o.j.LocalContainerEntityManagerFactoryBean - Initialized JPA EntityManagerFactory for persistence unit 'default'
" "2022-11-14 09:14:09 [main] %PARSER_ERROR[leveln]o.s.b.a.o.j.JpaBaseConfiguration$JpaWebConfiguration - spring.jpa.open-in-view is enabled by default. Therefore, database queries may be performed during view rendering. Explicitly configure spring.jpa.open-in-view to disable this warning
" "2022-11-14 09:14:11 [main] %PARSER_ERROR[leveln]o.s.s.web.DefaultSecurityFilterChain - Will secure any request with [org.springframework.security.web.session.DisableEncodeUrlFilter@6a756082, org.springframework.security.web.session.ForceEagerSessionCreationFilter@cb39552, org.springframework.security.web.session.ForceEagerSessionCreationFilter@11eed657, org.springframework.security.web.context.request.async.WebAsyncManagerIntegrationFilter@1f3b992, org.springframework.security.web.context.SecurityContextPersistenceFilter@708f018e, org.springframework.security.web.header.HeaderWriterFilter@7593ea79, org.springframework.web.filter.CorsFilter@2a53f215, org.springframework.security.web.authentication.logout.LogoutFilter@6232ffdb, org.springframework.security.web.authentication.www.BasicAuthenticationFilter@6bccd036, org.springframework.security.web.savedrequest.RequestCacheAwareFilter@a5bbaec, org.springframework.security.web.servletapi.SecurityContextHolderAwareRequestFilter@334ebcaa, org.springframework.security.web.authentication.AnonymousAuthenticationFilter@6b63e6ad, org.springframework.security.web.session.SessionManagementFilter@e76b097, org.springframework.security.web.access.ExceptionTranslationFilter@32e652b6, org.springframework.security.web.access.intercept.AuthorizationFilter@62b790a5]
" "2022-11-14 09:14:11 [main] %PARSER_ERROR[leveln]o.s.b.w.e.tomcat.TomcatWebServer - Tomcat started on port(s): 8080 (http) with context path ''
" "2022-11-14 09:14:11 [main] %PARSER_ERROR[leveln]com.infy.tesla.TeslaApplication - Started TeslaApplication in 10.617 seconds (JVM running for 11.714)
" "2022-11-14 09:14:29 [http-nio-8080-exec-1] %PARSER_ERROR[leveln]o.a.c.c.C.[Tomcat].[localhost].[/] - Initializing Spring DispatcherServlet 'dispatcherServlet'
" "2022-11-14 09:14:29 [http-nio-8080-exec-1] %PARSER_ERROR[leveln]o.a.c.util.SessionIdGeneratorBase - Creation of SecureRandom instance for session ID generation using [SHA1PRNG] took [131] milliseconds.
" "2022-11-14 09:14:29 [http-nio-8080-exec-1] %PARSER_ERROR[leveln]com.infy.tesla.aop.LoggingAspect - Entering the get user list method of controller layer
" "2022-11-14 09:14:29 [http-nio-8080-exec-1] %PARSER_ERROR[leveln]com.infy.tesla.aop.LoggingAspect - Entering the get user list method of SERVICE layer
" "2022-11-14 09:14:29 [http-nio-8080-exec-1] %PARSER_ERROR[leveln]com.infy.tesla.aop.LoggingAspect - After executing the get user list method of SERVICE layer
" "2022-11-14 09:14:29 [http-nio-8080-exec-1] %PARSER_ERROR[leveln]com.infy.tesla.aop.LoggingAspect - After executing the get user list method of controller layer
" "2022-11-14 09:16:06 [main] %PARSER_ERROR[leveln]com.infy.tesla.TeslaApplication - Starting TeslaApplication v0.0.1 using Java 19.0.1 on dinesh with PID 10040 (C:\Users\dinesh\Documents\workspace-spring-tool-suite-4-4.16.1.RELEASE\tesla\target\tesla-0.0.1.jar started by dinesh in C:\Users\dinesh\Documents\workspace-spring-tool-suite-4-4.16.1.RELEASE\tesla\target)
" "2022-11-14 09:16:06 [main] %PARSER_ERROR[leveln]com.infy.tesla.TeslaApplication - No active profile set, falling back to 1 default profile: "default"
" "2022-11-14 09:16:07 [main] %PARSER_ERROR[leveln]o.s.d.r.c.RepositoryConfigurationDelegate - Bootstrapping Spring Data JPA repositories in DEFAULT mode.
" "2022-11-14 09:16:07 [main] %PARSER_ERROR[leveln]o.s.d.r.c.RepositoryConfigurationDelegate - Finished Spring Data repository scanning in 106 ms. Found 3 JPA repository interfaces.
" "2022-11-14 09:16:08 [main] %PARSER_ERROR[leveln]o.s.b.w.e.tomcat.TomcatWebServer - Tomcat initialized with port(s): 8080 (http)
" "2022-11-14 09:16:08 [main] %PARSER_ERROR[leveln]o.a.catalina.core.StandardService - Starting service [Tomcat]
" "2022-11-14 09:16:08 [main] %PARSER_ERROR[leveln]o.a.catalina.core.StandardEngine - Starting Servlet engine: [Apache Tomcat/9.0.68]
" "2022-11-14 09:16:08 [main] %PARSER_ERROR[leveln]o.a.c.c.C.[Tomcat].[localhost].[/] - Initializing Spring embedded WebApplicationContext
" "2022-11-14 09:16:08 [main] %PARSER_ERROR[leveln]o.s.b.w.s.c.ServletWebServerApplicationContext - Root WebApplicationContext: initialization completed in 1775 ms
" "2022-11-14 09:16:08 [main] %PARSER_ERROR[leveln]o.h.jpa.internal.util.LogHelper - HHH000204: Processing PersistenceUnitInfo [name: default]
" "2022-11-14 09:16:09 [main] %PARSER_ERROR[leveln]org.hibernate.Version - HHH000412: Hibernate ORM core version 5.6.12.Final
" "2022-11-14 09:16:09 [main] %PARSER_ERROR[leveln]o.h.annotations.common.Version - HCANN000001: Hibernate Commons Annotations {5.1.2.Final}
" "2022-11-14 09:16:09 [main] %PARSER_ERROR[leveln]com.zaxxer.hikari.HikariDataSource - HikariPool-1 - Starting...
" "2022-11-14 09:16:10 [main] %PARSER_ERROR[leveln]com.zaxxer.hikari.HikariDataSource - HikariPool-1 - Start completed.
" "2022-11-14 09:16:10 [main] %PARSER_ERROR[leveln]org.hibernate.dialect.Dialect - HHH000400: Using dialect: org.hibernate.dialect.MySQL8Dialect
" "2022-11-14 09:16:12 [main] %PARSER_ERROR[leveln]o.h.e.t.j.p.i.JtaPlatformInitiator - HHH000490: Using JtaPlatform implementation: [org.hibernate.engine.transaction.jta.platform.internal.NoJtaPlatform]
" "2022-11-14 09:16:12 [main] %PARSER_ERROR[leveln]o.s.o.j.LocalContainerEntityManagerFactoryBean - Initialized JPA EntityManagerFactory for persistence unit 'default'
" "2022-11-14 09:16:13 [main] %PARSER_ERROR[leveln]o.s.b.a.o.j.JpaBaseConfiguration$JpaWebConfiguration - spring.jpa.open-in-view is enabled by default. Therefore, database queries may be performed during view rendering. Explicitly configure spring.jpa.open-in-view to disable this warning
" "2022-11-14 09:16:14 [main] %PARSER_ERROR[leveln]o.s.s.web.DefaultSecurityFilterChain - Will secure any request with [org.springframework.security.web.session.DisableEncodeUrlFilter@4f4c88f9, org.springframework.security.web.session.ForceEagerSessionCreationFilter@6a756082, org.springframework.security.web.session.ForceEagerSessionCreationFilter@11eed657, org.springframework.security.web.context.request.async.WebAsyncManagerIntegrationFilter@cb39552, org.springframework.security.web.context.SecurityContextPersistenceFilter@708f018e, org.springframework.security.web.header.HeaderWriterFilter@7593ea79, org.springframework.web.filter.CorsFilter@1f3b992, org.springframework.security.web.authentication.logout.LogoutFilter@6232ffdb, org.springframework.security.web.authentication.www.BasicAuthenticationFilter@75e27856, org.springframework.security.web.savedrequest.RequestCacheAwareFilter@a5bbaec, org.springframework.security.web.servletapi.SecurityContextHolderAwareRequestFilter@334ebcaa, org.springframework.security.web.authentication.AnonymousAuthenticationFilter@2a53f215, org.springframework.security.web.session.SessionManagementFilter@e76b097, org.springframework.security.web.access.ExceptionTranslationFilter@32e652b6, org.springframework.security.web.access.intercept.AuthorizationFilter@51a18b21]
" "2022-11-14 09:16:15 [main] %PARSER_ERROR[leveln]o.s.b.w.e.tomcat.TomcatWebServer - Tomcat started on port(s): 8080 (http) with context path ''
" "2022-11-14 09:16:15 [main] %PARSER_ERROR[leveln]com.infy.tesla.TeslaApplication - Started TeslaApplication in 9.459 seconds (JVM running for 9.94)
" "2022-11-14 09:16:27 [http-nio-8080-exec-2] %PARSER_ERROR[leveln]o.a.c.c.C.[Tomcat].[localhost].[/] - Initializing Spring DispatcherServlet 'dispatcherServlet'
" "2022-11-14 09:16:27 [http-nio-8080-exec-2] %PARSER_ERROR[leveln]o.a.c.util.SessionIdGeneratorBase - Creation of SecureRandom instance for session ID generation using [SHA1PRNG] took [139] milliseconds.
" "2022-11-14 09:16:27 [http-nio-8080-exec-2] %PARSER_ERROR[leveln]com.infy.tesla.aop.LoggingAspect - Entering the get user list method of controller layer
" "2022-11-14 09:16:27 [http-nio-8080-exec-2] %PARSER_ERROR[leveln]com.infy.tesla.aop.LoggingAspect - Entering the get user list method of SERVICE layer
" "2022-11-14 09:16:28 [http-nio-8080-exec-2] %PARSER_ERROR[leveln]com.infy.tesla.aop.LoggingAspect - After executing the get user list method of SERVICE layer
" "2022-11-14 09:16:28 [http-nio-8080-exec-2] %PARSER_ERROR[leveln]com.infy.tesla.aop.LoggingAspect - After executing the get user list method of controller layer
" 